<?xml version="1.0" encoding="UTF-8"?><testrun name="EvaluationServiceTest" project="core" tests="100" started="10" failures="4" errors="0" ignored="0">
  <testsuite name="com.revature.eval.java.core.EvaluationServiceTest" incomplete="true">
    <testcase name="testUndefinedPrime" classname="com.revature.eval.java.core.EvaluationServiceTest" time="0.051">
      <failure>java.lang.AssertionError: Expected test to throw an instance of java.lang.IllegalArgumentException&#13;
	at org.junit.Assert.fail(Assert.java:88)&#13;
	at org.junit.rules.ExpectedException.failDueToMissingException(ExpectedException.java:263)&#13;
	at org.junit.rules.ExpectedException.access$200(ExpectedException.java:106)&#13;
	at org.junit.rules.ExpectedException$ExpectedExceptionStatement.evaluate(ExpectedException.java:245)&#13;
	at org.junit.rules.RunRules.evaluate(RunRules.java:20)&#13;
	at org.junit.runners.ParentRunner.runLeaf(ParentRunner.java:325)&#13;
	at org.junit.runners.BlockJUnit4ClassRunner.runChild(BlockJUnit4ClassRunner.java:78)&#13;
	at org.junit.runners.BlockJUnit4ClassRunner.runChild(BlockJUnit4ClassRunner.java:57)&#13;
	at org.junit.runners.ParentRunner$3.run(ParentRunner.java:290)&#13;
	at org.junit.runners.ParentRunner$1.schedule(ParentRunner.java:71)&#13;
	at org.junit.runners.ParentRunner.runChildren(ParentRunner.java:288)&#13;
	at org.junit.runners.ParentRunner.access$000(ParentRunner.java:58)&#13;
	at org.junit.runners.ParentRunner$2.evaluate(ParentRunner.java:268)&#13;
	at org.junit.runners.ParentRunner.run(ParentRunner.java:363)&#13;
	at org.eclipse.jdt.internal.junit4.runner.JUnit4TestReference.run(JUnit4TestReference.java:89)&#13;
	at org.eclipse.jdt.internal.junit.runner.TestExecution.run(TestExecution.java:41)&#13;
	at org.eclipse.jdt.internal.junit.runner.RemoteTestRunner.runTests(RemoteTestRunner.java:541)&#13;
	at org.eclipse.jdt.internal.junit.runner.RemoteTestRunner.runTests(RemoteTestRunner.java:763)&#13;
	at org.eclipse.jdt.internal.junit.runner.RemoteTestRunner.run(RemoteTestRunner.java:463)&#13;
	at org.eclipse.jdt.internal.junit.runner.RemoteTestRunner.main(RemoteTestRunner.java:209)&#13;
&#13;
</failure>
    </testcase>
    <testcase name="testEncodeYes" classname="com.revature.eval.java.core.EvaluationServiceTest" time="0.004"/>
    <testcase name="testSingleMultiplication" classname="com.revature.eval.java.core.EvaluationServiceTest" time="0.002"/>
    <testcase name="verySmallTrianglesCanBeEquilateral" classname="com.revature.eval.java.core.EvaluationServiceTest" time="0.002"/>
    <testcase name="handlesExpandedLists" classname="com.revature.eval.java.core.EvaluationServiceTest" time="0.001"/>
    <testcase name="testEncodeMindBlowingly" classname="com.revature.eval.java.core.EvaluationServiceTest" time="0.0"/>
    <testcase name="withFullTimeSpecified" classname="com.revature.eval.java.core.EvaluationServiceTest" time="0.018">
      <failure>java.lang.AssertionError: expected:&lt;2046-10-02T23:46:40&gt; but was:&lt;null&gt;&#13;
	at org.junit.Assert.fail(Assert.java:88)&#13;
	at org.junit.Assert.failNotEquals(Assert.java:834)&#13;
	at org.junit.Assert.assertEquals(Assert.java:118)&#13;
	at org.junit.Assert.assertEquals(Assert.java:144)&#13;
	at com.revature.eval.java.core.EvaluationServiceTest.withFullTimeSpecified(EvaluationServiceTest.java:600)&#13;
	at sun.reflect.NativeMethodAccessorImpl.invoke0(Native Method)&#13;
	at sun.reflect.NativeMethodAccessorImpl.invoke(Unknown Source)&#13;
	at sun.reflect.DelegatingMethodAccessorImpl.invoke(Unknown Source)&#13;
	at java.lang.reflect.Method.invoke(Unknown Source)&#13;
	at org.junit.runners.model.FrameworkMethod$1.runReflectiveCall(FrameworkMethod.java:50)&#13;
	at org.junit.internal.runners.model.ReflectiveCallable.run(ReflectiveCallable.java:12)&#13;
	at org.junit.runners.model.FrameworkMethod.invokeExplosively(FrameworkMethod.java:47)&#13;
	at org.junit.internal.runners.statements.InvokeMethod.evaluate(InvokeMethod.java:17)&#13;
	at org.junit.rules.ExpectedException$ExpectedExceptionStatement.evaluate(ExpectedException.java:239)&#13;
	at org.junit.rules.RunRules.evaluate(RunRules.java:20)&#13;
	at org.junit.runners.ParentRunner.runLeaf(ParentRunner.java:325)&#13;
	at org.junit.runners.BlockJUnit4ClassRunner.runChild(BlockJUnit4ClassRunner.java:78)&#13;
	at org.junit.runners.BlockJUnit4ClassRunner.runChild(BlockJUnit4ClassRunner.java:57)&#13;
	at org.junit.runners.ParentRunner$3.run(ParentRunner.java:290)&#13;
	at org.junit.runners.ParentRunner$1.schedule(ParentRunner.java:71)&#13;
	at org.junit.runners.ParentRunner.runChildren(ParentRunner.java:288)&#13;
	at org.junit.runners.ParentRunner.access$000(ParentRunner.java:58)&#13;
	at org.junit.runners.ParentRunner$2.evaluate(ParentRunner.java:268)&#13;
	at org.junit.runners.ParentRunner.run(ParentRunner.java:363)&#13;
	at org.eclipse.jdt.internal.junit4.runner.JUnit4TestReference.run(JUnit4TestReference.java:89)&#13;
	at org.eclipse.jdt.internal.junit.runner.TestExecution.run(TestExecution.java:41)&#13;
	at org.eclipse.jdt.internal.junit.runner.RemoteTestRunner.runTests(RemoteTestRunner.java:541)&#13;
	at org.eclipse.jdt.internal.junit.runner.RemoteTestRunner.runTests(RemoteTestRunner.java:763)&#13;
	at org.eclipse.jdt.internal.junit.runner.RemoteTestRunner.run(RemoteTestRunner.java:463)&#13;
	at org.eclipse.jdt.internal.junit.runner.RemoteTestRunner.main(RemoteTestRunner.java:209)&#13;
&#13;
</failure>
    </testcase>
    <testcase name="modernTime" classname="com.revature.eval.java.core.EvaluationServiceTest" time="0.002">
      <failure>java.lang.AssertionError: expected:&lt;2043-01-01T01:46:40&gt; but was:&lt;null&gt;&#13;
	at org.junit.Assert.fail(Assert.java:88)&#13;
	at org.junit.Assert.failNotEquals(Assert.java:834)&#13;
	at org.junit.Assert.assertEquals(Assert.java:118)&#13;
	at org.junit.Assert.assertEquals(Assert.java:144)&#13;
	at com.revature.eval.java.core.EvaluationServiceTest.modernTime(EvaluationServiceTest.java:582)&#13;
	at sun.reflect.NativeMethodAccessorImpl.invoke0(Native Method)&#13;
	at sun.reflect.NativeMethodAccessorImpl.invoke(Unknown Source)&#13;
	at sun.reflect.DelegatingMethodAccessorImpl.invoke(Unknown Source)&#13;
	at java.lang.reflect.Method.invoke(Unknown Source)&#13;
	at org.junit.runners.model.FrameworkMethod$1.runReflectiveCall(FrameworkMethod.java:50)&#13;
	at org.junit.internal.runners.model.ReflectiveCallable.run(ReflectiveCallable.java:12)&#13;
	at org.junit.runners.model.FrameworkMethod.invokeExplosively(FrameworkMethod.java:47)&#13;
	at org.junit.internal.runners.statements.InvokeMethod.evaluate(InvokeMethod.java:17)&#13;
	at org.junit.rules.ExpectedException$ExpectedExceptionStatement.evaluate(ExpectedException.java:239)&#13;
	at org.junit.rules.RunRules.evaluate(RunRules.java:20)&#13;
	at org.junit.runners.ParentRunner.runLeaf(ParentRunner.java:325)&#13;
	at org.junit.runners.BlockJUnit4ClassRunner.runChild(BlockJUnit4ClassRunner.java:78)&#13;
	at org.junit.runners.BlockJUnit4ClassRunner.runChild(BlockJUnit4ClassRunner.java:57)&#13;
	at org.junit.runners.ParentRunner$3.run(ParentRunner.java:290)&#13;
	at org.junit.runners.ParentRunner$1.schedule(ParentRunner.java:71)&#13;
	at org.junit.runners.ParentRunner.runChildren(ParentRunner.java:288)&#13;
	at org.junit.runners.ParentRunner.access$000(ParentRunner.java:58)&#13;
	at org.junit.runners.ParentRunner$2.evaluate(ParentRunner.java:268)&#13;
	at org.junit.runners.ParentRunner.run(ParentRunner.java:363)&#13;
	at org.eclipse.jdt.internal.junit4.runner.JUnit4TestReference.run(JUnit4TestReference.java:89)&#13;
	at org.eclipse.jdt.internal.junit.runner.TestExecution.run(TestExecution.java:41)&#13;
	at org.eclipse.jdt.internal.junit.runner.RemoteTestRunner.runTests(RemoteTestRunner.java:541)&#13;
	at org.eclipse.jdt.internal.junit.runner.RemoteTestRunner.runTests(RemoteTestRunner.java:763)&#13;
	at org.eclipse.jdt.internal.junit.runner.RemoteTestRunner.run(RemoteTestRunner.java:463)&#13;
	at org.eclipse.jdt.internal.junit.runner.RemoteTestRunner.main(RemoteTestRunner.java:209)&#13;
&#13;
</failure>
    </testcase>
    <testcase name="testAWholePhrase" classname="com.revature.eval.java.core.EvaluationServiceTest" time="0.009">
      <failure>
        <expected>ickquay astfay unray</expected>
        <actual>quickayfastayrunay</actual>org.junit.ComparisonFailure: expected:&lt;[ickquay astfay unr]ay&gt; but was:&lt;[quickayfastayrun]ay&gt;&#13;
	at org.junit.Assert.assertEquals(Assert.java:115)&#13;
	at org.junit.Assert.assertEquals(Assert.java:144)&#13;
	at com.revature.eval.java.core.EvaluationServiceTest.testAWholePhrase(EvaluationServiceTest.java:327)&#13;
	at sun.reflect.NativeMethodAccessorImpl.invoke0(Native Method)&#13;
	at sun.reflect.NativeMethodAccessorImpl.invoke(Unknown Source)&#13;
	at sun.reflect.DelegatingMethodAccessorImpl.invoke(Unknown Source)&#13;
	at java.lang.reflect.Method.invoke(Unknown Source)&#13;
	at org.junit.runners.model.FrameworkMethod$1.runReflectiveCall(FrameworkMethod.java:50)&#13;
	at org.junit.internal.runners.model.ReflectiveCallable.run(ReflectiveCallable.java:12)&#13;
	at org.junit.runners.model.FrameworkMethod.invokeExplosively(FrameworkMethod.java:47)&#13;
	at org.junit.internal.runners.statements.InvokeMethod.evaluate(InvokeMethod.java:17)&#13;
	at org.junit.rules.ExpectedException$ExpectedExceptionStatement.evaluate(ExpectedException.java:239)&#13;
	at org.junit.rules.RunRules.evaluate(RunRules.java:20)&#13;
	at org.junit.runners.ParentRunner.runLeaf(ParentRunner.java:325)&#13;
	at org.junit.runners.BlockJUnit4ClassRunner.runChild(BlockJUnit4ClassRunner.java:78)&#13;
	at org.junit.runners.BlockJUnit4ClassRunner.runChild(BlockJUnit4ClassRunner.java:57)&#13;
	at org.junit.runners.ParentRunner$3.run(ParentRunner.java:290)&#13;
	at org.junit.runners.ParentRunner$1.schedule(ParentRunner.java:71)&#13;
	at org.junit.runners.ParentRunner.runChildren(ParentRunner.java:288)&#13;
	at org.junit.runners.ParentRunner.access$000(ParentRunner.java:58)&#13;
	at org.junit.runners.ParentRunner$2.evaluate(ParentRunner.java:268)&#13;
	at org.junit.runners.ParentRunner.run(ParentRunner.java:363)&#13;
	at org.eclipse.jdt.internal.junit4.runner.JUnit4TestReference.run(JUnit4TestReference.java:89)&#13;
	at org.eclipse.jdt.internal.junit.runner.TestExecution.run(TestExecution.java:41)&#13;
	at org.eclipse.jdt.internal.junit.runner.RemoteTestRunner.runTests(RemoteTestRunner.java:541)&#13;
	at org.eclipse.jdt.internal.junit.runner.RemoteTestRunner.runTests(RemoteTestRunner.java:763)&#13;
	at org.eclipse.jdt.internal.junit.runner.RemoteTestRunner.run(RemoteTestRunner.java:463)&#13;
	at org.eclipse.jdt.internal.junit.runner.RemoteTestRunner.main(RemoteTestRunner.java:209)&#13;
&#13;
</failure>
    </testcase>
    <testcase name="threeDigitNumberIsNotArmstrongNumber" classname="com.revature.eval.java.core.EvaluationServiceTest" incomplete="true"/>
    <testcase name="testSumOfMultiplesOf4and6UpToFifteen" classname="com.revature.eval.java.core.EvaluationServiceTest" incomplete="true"/>
    <testcase name="beforeEpochTime" classname="com.revature.eval.java.core.EvaluationServiceTest" incomplete="true"/>
    <testcase name="invalidCharacterInIsbn" classname="com.revature.eval.java.core.EvaluationServiceTest" incomplete="true"/>
    <testcase name="recognizesPerfectLowerCasePangram" classname="com.revature.eval.java.core.EvaluationServiceTest" incomplete="true"/>
    <testcase name="noTwoDigitArmstrongNumbers" classname="com.revature.eval.java.core.EvaluationServiceTest" incomplete="true"/>
    <testcase name="NonAcronymAllCapsWord" classname="com.revature.eval.java.core.EvaluationServiceTest" incomplete="true"/>
    <testcase name="rotateCapitalLetters" classname="com.revature.eval.java.core.EvaluationServiceTest" incomplete="true"/>
    <testcase name="trianglesWithNoEqualSidesAreNotEquilateral" classname="com.revature.eval.java.core.EvaluationServiceTest" incomplete="true"/>
    <testcase name="afterEpochTime" classname="com.revature.eval.java.core.EvaluationServiceTest" incomplete="true"/>
    <testcase name="testAShortValuableWord" classname="com.revature.eval.java.core.EvaluationServiceTest" incomplete="true"/>
    <testcase name="rotateNumbers" classname="com.revature.eval.java.core.EvaluationServiceTest" incomplete="true"/>
    <testcase name="invalidW6ithNonNumeric" classname="com.revature.eval.java.core.EvaluationServiceTest" incomplete="true"/>
    <testcase name="testProductOfPrimes" classname="com.revature.eval.java.core.EvaluationServiceTest" incomplete="true"/>
    <testcase name="testWordBeginningWithA" classname="com.revature.eval.java.core.EvaluationServiceTest" incomplete="true"/>
    <testcase name="testAWord" classname="com.revature.eval.java.core.EvaluationServiceTest" incomplete="true"/>
    <testcase name="testSixthPrime" classname="com.revature.eval.java.core.EvaluationServiceTest" incomplete="true"/>
    <testcase name="validIsbnNumberWithCheckDigitOfTen" classname="com.revature.eval.java.core.EvaluationServiceTest" incomplete="true"/>
    <testcase name="testAnEmptyString" classname="com.revature.eval.java.core.EvaluationServiceTest" incomplete="true"/>
    <testcase name="testFirstPrime" classname="com.revature.eval.java.core.EvaluationServiceTest" incomplete="true"/>
    <testcase name="singleDigitsAreArmstrongNumbers" classname="com.revature.eval.java.core.EvaluationServiceTest" incomplete="true"/>
    <testcase name="testEncodeAllTheLetters" classname="com.revature.eval.java.core.EvaluationServiceTest" incomplete="true"/>
    <testcase name="testThatAddingANonDigitCharacterToAValidStringInvalidatesTheString" classname="com.revature.eval.java.core.EvaluationServiceTest" incomplete="true"/>
    <testcase name="testEncodeOmgInCapital" classname="com.revature.eval.java.core.EvaluationServiceTest" incomplete="true"/>
    <testcase name="withFullTimeSpecifiedAndDayRollover" classname="com.revature.eval.java.core.EvaluationServiceTest" incomplete="true"/>
    <testcase name="testYTreatedLikeAConsonantAtTheBeginningOfAWord" classname="com.revature.eval.java.core.EvaluationServiceTest" incomplete="true"/>
    <testcase name="isoscelesTrianglesMustHaveAtLeastTwoEqualSides" classname="com.revature.eval.java.core.EvaluationServiceTest" incomplete="true"/>
    <testcase name="invalidWhenMoreThan11Digits" classname="com.revature.eval.java.core.EvaluationServiceTest" incomplete="true"/>
    <testcase name="testCubeOfAPrime" classname="com.revature.eval.java.core.EvaluationServiceTest" incomplete="true"/>
    <testcase name="testSingleDivision" classname="com.revature.eval.java.core.EvaluationServiceTest" incomplete="true"/>
    <testcase name="testSumOfMultiplesOf5and25UpToFiftyOne" classname="com.revature.eval.java.core.EvaluationServiceTest" incomplete="true"/>
    <testcase name="testSumOfMultiplesOf5and6and8UpToOneHundredFifty" classname="com.revature.eval.java.core.EvaluationServiceTest" incomplete="true"/>
    <testcase name="countOneOfEachWord" classname="com.revature.eval.java.core.EvaluationServiceTest" incomplete="true"/>
    <testcase name="testSecondPrime" classname="com.revature.eval.java.core.EvaluationServiceTest" incomplete="true"/>
    <testcase name="phraseMissingCharacterXIsNotPangram" classname="com.revature.eval.java.core.EvaluationServiceTest" incomplete="true"/>
    <testcase name="testALongMixCaseWord" classname="com.revature.eval.java.core.EvaluationServiceTest" incomplete="true"/>
    <testcase name="testACapitalizedWord" classname="com.revature.eval.java.core.EvaluationServiceTest" incomplete="true"/>
    <testcase name="trianglesWithAllSidesEqualAreNotScalene" classname="com.revature.eval.java.core.EvaluationServiceTest" incomplete="true"/>
    <testcase name="testASentenceWithPunctuation" classname="com.revature.eval.java.core.EvaluationServiceTest" incomplete="true"/>
    <testcase name="checkDigitIsACharacterOtherThanX" classname="com.revature.eval.java.core.EvaluationServiceTest" incomplete="true"/>
    <testcase name="rotatePunctuation" classname="com.revature.eval.java.core.EvaluationServiceTest" incomplete="true"/>
    <testcase name="testThTreatedLikeAConsonantAtTheBeginningOfAWord" classname="com.revature.eval.java.core.EvaluationServiceTest" incomplete="true"/>
    <testcase name="findsAValueInAnArrayOfOddLength" classname="com.revature.eval.java.core.EvaluationServiceTest" incomplete="true"/>
    <testcase name="testDecodeNumbers" classname="com.revature.eval.java.core.EvaluationServiceTest" incomplete="true"/>
    <testcase name="handlesCrampedLists" classname="com.revature.eval.java.core.EvaluationServiceTest" incomplete="true"/>
    <testcase name="testDecodeExercism" classname="com.revature.eval.java.core.EvaluationServiceTest" incomplete="true"/>
    <testcase name="phraseMissingAnotherCharacterIsNotPangram" classname="com.revature.eval.java.core.EvaluationServiceTest" incomplete="true"/>
    <testcase name="findsAValueAtTheEndOfAnArray" classname="com.revature.eval.java.core.EvaluationServiceTest" incomplete="true"/>
    <testcase name="testSchTreatedLikeAConsonantAtTheBeginningOfAWord" classname="com.revature.eval.java.core.EvaluationServiceTest" incomplete="true"/>
    <testcase name="cleansNumbersWithMultipleSpaces" classname="com.revature.eval.java.core.EvaluationServiceTest" incomplete="true"/>
    <testcase name="basic" classname="com.revature.eval.java.core.EvaluationServiceTest" incomplete="true"/>
    <testcase name="cleansTheNumber" classname="com.revature.eval.java.core.EvaluationServiceTest" incomplete="true"/>
    <testcase name="countOneWord" classname="com.revature.eval.java.core.EvaluationServiceTest" incomplete="true"/>
    <testcase name="testEncodeDeepThought" classname="com.revature.eval.java.core.EvaluationServiceTest" incomplete="true"/>
    <testcase name="testAPalindrome" classname="com.revature.eval.java.core.EvaluationServiceTest" incomplete="true"/>
    <testcase name="testSingleAdditionWithNegativeNumbers" classname="com.revature.eval.java.core.EvaluationServiceTest" incomplete="true"/>
    <testcase name="pangramWithOnlyLowerCaseLettersIsRecognizedAsPangram" classname="com.revature.eval.java.core.EvaluationServiceTest" incomplete="true"/>
    <testcase name="testAValuableLetter" classname="com.revature.eval.java.core.EvaluationServiceTest" incomplete="true"/>
    <testcase name="testDecodeAllTheLetters" classname="com.revature.eval.java.core.EvaluationServiceTest" incomplete="true"/>
    <testcase name="rotateAllLetters" classname="com.revature.eval.java.core.EvaluationServiceTest" incomplete="true"/>
    <testcase name="testEncodeNumbers" classname="com.revature.eval.java.core.EvaluationServiceTest" incomplete="true"/>
    <testcase name="findsAValueInAnArrayOfEvenLength" classname="com.revature.eval.java.core.EvaluationServiceTest" incomplete="true"/>
    <testcase name="emptySentenceIsNotPangram" classname="com.revature.eval.java.core.EvaluationServiceTest" incomplete="true"/>
    <testcase name="fourDigitNumberIsArmstrongNumber" classname="com.revature.eval.java.core.EvaluationServiceTest" incomplete="true"/>
    <testcase name="testProductOfPrimesAndNonPrimes" classname="com.revature.eval.java.core.EvaluationServiceTest" incomplete="true"/>
    <testcase name="testThatAnInvalidCreditCardIsIdentifiedAsInvalid" classname="com.revature.eval.java.core.EvaluationServiceTest" incomplete="true"/>
    <testcase name="punctuationWithoutWhitespace" classname="com.revature.eval.java.core.EvaluationServiceTest" incomplete="true"/>
    <testcase name="testPrimeNumber" classname="com.revature.eval.java.core.EvaluationServiceTest" incomplete="true"/>
    <testcase name="cleansNumbersWithDots" classname="com.revature.eval.java.core.EvaluationServiceTest" incomplete="true"/>
    <testcase name="testDecodeASentence" classname="com.revature.eval.java.core.EvaluationServiceTest" incomplete="true"/>
    <testcase name="validIsbnNumber" classname="com.revature.eval.java.core.EvaluationServiceTest" incomplete="true"/>
    <testcase name="findsAValueAtTheBeginningOfAnArray" classname="com.revature.eval.java.core.EvaluationServiceTest" incomplete="true"/>
    <testcase name="testSquareOfAPrime" classname="com.revature.eval.java.core.EvaluationServiceTest" incomplete="true"/>
    <testcase name="multipleOccurrencesOfAWord" classname="com.revature.eval.java.core.EvaluationServiceTest" incomplete="true"/>
    <testcase name="testAMediumWord" classname="com.revature.eval.java.core.EvaluationServiceTest" incomplete="true"/>
    <testcase name="testBigPrime" classname="com.revature.eval.java.core.EvaluationServiceTest" incomplete="true"/>
    <testcase name="findsAValueInTheMiddleOfAnArray" classname="com.revature.eval.java.core.EvaluationServiceTest" incomplete="true"/>
    <testcase name="testThatAnInvalidCanadianSocialInsuranceNumberIsIdentifiedAsInvalid" classname="com.revature.eval.java.core.EvaluationServiceTest" incomplete="true"/>
    <testcase name="testSingleSubtraction" classname="com.revature.eval.java.core.EvaluationServiceTest" incomplete="true"/>
    <testcase name="testSingleAddition1" classname="com.revature.eval.java.core.EvaluationServiceTest" incomplete="true"/>
    <testcase name="verySmallTrianglesCanBeIsosceles" classname="com.revature.eval.java.core.EvaluationServiceTest" incomplete="true"/>
    <testcase name="testThatStringContainingPunctuationIsInvalid" classname="com.revature.eval.java.core.EvaluationServiceTest" incomplete="true"/>
    <testcase name="threeDigitNumberIsArmstrongNumber" classname="com.revature.eval.java.core.EvaluationServiceTest" incomplete="true"/>
    <testcase name="testAMediumValuableWord" classname="com.revature.eval.java.core.EvaluationServiceTest" incomplete="true"/>
    <testcase name="testSumOfMultiplesOfOneUpToOneHundred" classname="com.revature.eval.java.core.EvaluationServiceTest" incomplete="true"/>
    <testcase name="invalidIsbnCheckDigit" classname="com.revature.eval.java.core.EvaluationServiceTest" incomplete="true"/>
    <testcase name="punctuation" classname="com.revature.eval.java.core.EvaluationServiceTest" incomplete="true"/>
    <testcase name="testSumOfMultiplesOf43and47UpToTenThousand" classname="com.revature.eval.java.core.EvaluationServiceTest" incomplete="true"/>
    <testcase name="rotateSingleCharacterWithWrapAround" classname="com.revature.eval.java.core.EvaluationServiceTest" incomplete="true"/>
    <testcase name="testThatAValidCanadianSocialInsuranceNumberIsIdentifiedAsValidV1" classname="com.revature.eval.java.core.EvaluationServiceTest" incomplete="true"/>
    <testcase name="verySmallTrianglesCanBeScalene" classname="com.revature.eval.java.core.EvaluationServiceTest" incomplete="true"/>
  </testsuite>
</testrun>
